<?xml version="1.0" encoding="UTF-8"?>
<!-- Generated by org.testng.reporters.JUnitReportReporter -->
<testsuite hostname="Walters-MacBook-Pro.local" failures="0" tests="1" name="com.testng.tests.FirstTest" time="20.983" errors="0" timestamp="2024-01-26T10:13:52 NZDT" skipped="0">
  <testcase classname="com.testng.tests.FirstTest" name="TestGoogle" time="20.983"/>
</testsuite> <!-- com.testng.tests.FirstTest -->
