<?xml version="1.0" encoding="UTF-8"?>
<!-- Generated by org.testng.reporters.JUnitReportReporter -->
<testsuite hostname="Walters-MacBook-Pro.local" failures="0" tests="1" name="com.example.AppTest" time="0.018" errors="0" timestamp="25 Jan 2024 05:57:35 GMT" skipped="0">
  <testcase classname="com.example.AppTest" name="shouldAnswerWithTrue" time="0.018"/>
</testsuite> <!-- com.example.AppTest -->
