<?xml version="1.0" encoding="UTF-8"?>
<!-- Generated by org.testng.reporters.JUnitReportReporter -->
<testsuite hostname="Walters-MacBook-Pro.local" failures="0" tests="2" name="com.testing.groupTest.GroupTest02" time="0.029" errors="0" timestamp="2024-01-30T08:20:41 NZDT" skipped="0">
  <testcase classname="com.testing.groupTest.GroupTest02" name="test05" time="0.003"/>
  <system-out/>
  <testcase classname="com.testing.groupTest.GroupTest02" name="test04" time="0.026"/>
  <system-out/>
</testsuite> <!-- com.testing.groupTest.GroupTest02 -->
