<?xml version="1.0" encoding="UTF-8"?>
<!-- Generated by org.testng.reporters.JUnitReportReporter -->
<testsuite hostname="Walters-MacBook-Pro.local" failures="0" tests="5" name="com.testng.tests.FlightBooking" time="0.032" errors="0" timestamp="2024-01-29T14:48:05 NZDT" skipped="0">
  <testcase classname="com.testng.tests.FlightBooking" name="Signup" time="0.021"/>
  <testcase classname="com.testng.tests.FlightBooking" name="Login" time="0.004"/>
  <testcase classname="com.testng.tests.FlightBooking" name="SearchFlight" time="0.003"/>
  <testcase classname="com.testng.tests.FlightBooking" name="BookFlight" time="0.002"/>
  <testcase classname="com.testng.tests.FlightBooking" name="Logout" time="0.002"/>
</testsuite> <!-- com.testng.tests.FlightBooking -->
