<?xml version="1.0" encoding="UTF-8"?>
<!-- Generated by org.testng.reporters.JUnitReportReporter -->
<testsuite hostname="WalterWin10" failures="0" tests="1" name="com.testng.tests.FirstTest" time="12.593" errors="0" timestamp="2024-01-28T00:28:05 NZDT" skipped="0">
  <testcase classname="com.testng.tests.FirstTest" name="TestGoogle" time="12.593"/>
</testsuite> <!-- com.testng.tests.FirstTest -->
