<?xml version="1.0" encoding="UTF-8"?>
<!-- Generated by org.testng.reporters.JUnitReportReporter -->
<testsuite hostname="Walters-MacBook-Pro.local" failures="0" tests="3" name="com.testing.groupTest.GroupTest01" time="0.055" errors="0" timestamp="2024-01-30T17:51:58 NZDT" skipped="0">
  <testcase classname="com.testing.groupTest.GroupTest01" name="test01" time="0.016"/>
  <system-out/>
  <testcase classname="com.testing.groupTest.GroupTest01" name="test03" time="0.002"/>
  <system-out/>
  <testcase classname="com.testing.groupTest.GroupTest01" name="test02" time="0.037"/>
  <system-out/>
</testsuite> <!-- com.testing.groupTest.GroupTest01 -->
