<?xml version="1.0" encoding="UTF-8"?>
<!-- Generated by org.testng.reporters.JUnitReportReporter -->
<testsuite hostname="Walters-MacBook-Pro.local" failures="0" tests="1" name="com.testng.tests.FirstTest" time="16.013" errors="0" timestamp="2024-01-28T09:29:57 NZDT" skipped="0">
  <testcase classname="com.testng.tests.FirstTest" name="TestGoogle" time="16.013"/>
</testsuite> <!-- com.testng.tests.FirstTest -->
