<?xml version="1.0" encoding="UTF-8"?>
<!-- Generated by org.testng.reporters.JUnitReportReporter -->
<testsuite hostname="WalterWin10" failures="0" tests="7" name="com.testng.tests.OrangeHRM" time="50.408" errors="0" timestamp="2024-01-28T00:07:04 NZDT" skipped="0">
  <testcase classname="com.testng.tests.OrangeHRM" name="Login" time="5.237"/>
  <testcase classname="com.testng.tests.OrangeHRM" name="Login" time="5.275"/>
  <testcase classname="com.testng.tests.OrangeHRM" name="LauchApp" time="17.160"/>
  <testcase classname="com.testng.tests.OrangeHRM" name="VerifyLogin" time="0.270"/>
  <testcase classname="com.testng.tests.OrangeHRM" name="NavigateToMyInfo" time="6.378"/>
  <testcase classname="com.testng.tests.OrangeHRM" name="LauchApp" time="15.870"/>
  <testcase classname="com.testng.tests.OrangeHRM" name="VerifyMyInfo" time="0.218"/>
</testsuite> <!-- com.testng.tests.OrangeHRM -->
