<?xml version="1.0" encoding="UTF-8"?>
<!-- Generated by org.testng.reporters.JUnitReportReporter -->
<testsuite hostname="WalterWin10" failures="0" tests="7" name="com.testng.tests.OrangeHRM" time="57.868" errors="0" timestamp="2024-01-28T00:28:05 NZDT" skipped="0">
  <testcase classname="com.testng.tests.OrangeHRM" name="VerifyMyInfo" time="0.209"/>
  <testcase classname="com.testng.tests.OrangeHRM" name="VerifyLogin" time="0.452"/>
  <testcase classname="com.testng.tests.OrangeHRM" name="NavigateToMyInfo" time="6.376"/>
  <testcase classname="com.testng.tests.OrangeHRM" name="Login" time="5.294"/>
  <testcase classname="com.testng.tests.OrangeHRM" name="LauchApp" time="21.185"/>
  <testcase classname="com.testng.tests.OrangeHRM" name="LauchApp" time="19.073"/>
  <testcase classname="com.testng.tests.OrangeHRM" name="Login" time="5.279"/>
</testsuite> <!-- com.testng.tests.OrangeHRM -->
