<?xml version="1.0" encoding="UTF-8"?>
<!-- Generated by org.testng.reporters.JUnitReportReporter -->
<testsuite hostname="Walters-MacBook-Pro.local" failures="0" tests="3" name="com.testing.groupTest.GroupTest02" time="0.023" errors="0" timestamp="2024-01-30T17:51:58 NZDT" skipped="0">
  <testcase classname="com.testing.groupTest.GroupTest02" name="test06" time="0.002"/>
  <system-out/>
  <testcase classname="com.testing.groupTest.GroupTest02" name="test04" time="0.003"/>
  <system-out/>
  <testcase classname="com.testing.groupTest.GroupTest02" name="test05" time="0.018"/>
  <system-out/>
</testsuite> <!-- com.testing.groupTest.GroupTest02 -->
