<?xml version="1.0" encoding="UTF-8"?>
<!-- Generated by org.testng.reporters.JUnitReportReporter -->
<testsuite hostname="Walters-MacBook-Pro.local" failures="0" tests="7" name="com.testng.tests.OrangeHRM" time="62.953" errors="0" timestamp="2024-01-28T09:29:57 NZDT" skipped="0">
  <testcase classname="com.testng.tests.OrangeHRM" name="LauchApp" time="17.168"/>
  <testcase classname="com.testng.tests.OrangeHRM" name="Login" time="7.556"/>
  <testcase classname="com.testng.tests.OrangeHRM" name="VerifyLogin" time="0.347"/>
  <testcase classname="com.testng.tests.OrangeHRM" name="LauchApp" time="23.569"/>
  <testcase classname="com.testng.tests.OrangeHRM" name="VerifyMyInfo" time="0.291"/>
  <testcase classname="com.testng.tests.OrangeHRM" name="Login" time="7.350"/>
  <testcase classname="com.testng.tests.OrangeHRM" name="NavigateToMyInfo" time="6.672"/>
</testsuite> <!-- com.testng.tests.OrangeHRM -->
