<?xml version="1.0" encoding="UTF-8"?>
<!-- Generated by org.testng.reporters.JUnitReportReporter -->
<testsuite hostname="Walters-MacBook-Pro.local" failures="0" tests="5" name="com.testng.tests.FlightBooking" time="0.022" errors="0" timestamp="2024-01-29T16:49:16 NZDT" skipped="0">
  <testcase classname="com.testng.tests.FlightBooking" name="Signup" time="0.013"/>
  <system-out/>
  <testcase classname="com.testng.tests.FlightBooking" name="SearchFlight" time="0.003"/>
  <system-out/>
  <testcase classname="com.testng.tests.FlightBooking" name="Logout" time="0.002"/>
  <system-out/>
  <testcase classname="com.testng.tests.FlightBooking" name="Login" time="0.002"/>
  <system-out/>
  <testcase classname="com.testng.tests.FlightBooking" name="BookFlight" time="0.002"/>
  <system-out/>
</testsuite> <!-- com.testng.tests.FlightBooking -->
