<?xml version="1.0" encoding="UTF-8"?>
<!-- Generated by org.testng.reporters.JUnitReportReporter -->
<testsuite hostname="Walters-MacBook-Pro.local" failures="0" tests="1" name="com.testng.tests.IgnoreDemo" time="0.011" errors="0" timestamp="2024-01-29T16:39:26 NZDT" skipped="0">
  <testcase classname="com.testng.tests.IgnoreDemo" name="test2" time="0.011"/>
  <system-out/>
</testsuite> <!-- com.testng.tests.IgnoreDemo -->
