<?xml version="1.0" encoding="UTF-8"?>
<!-- Generated by org.testng.reporters.JUnitReportReporter -->
<testsuite hostname="Walters-MacBook-Pro.local" failures="0" tests="2" name="com.testing.groupTest.GroupTest01" time="0.023" errors="0" timestamp="2024-01-30T08:39:48 NZDT" skipped="0">
  <testcase classname="com.testing.groupTest.GroupTest01" name="test01" time="0.020"/>
  <system-out/>
  <testcase classname="com.testing.groupTest.GroupTest01" name="test02" time="0.003"/>
  <system-out/>
</testsuite> <!-- com.testing.groupTest.GroupTest01 -->
