<?xml version="1.0" encoding="UTF-8"?>
<!-- Generated by org.testng.reporters.JUnitReportReporter -->
<testsuite hostname="Walters-MacBook-Pro.local" failures="0" tests="7" name="com.testng.tests.OrangeHRM" time="48.619" errors="0" timestamp="2024-01-27T20:12:55 NZDT" skipped="0">
  <testcase classname="com.testng.tests.OrangeHRM" name="Login" time="6.835"/>
  <testcase classname="com.testng.tests.OrangeHRM" name="Login" time="5.410"/>
  <testcase classname="com.testng.tests.OrangeHRM" name="VerifyLogin" time="0.376"/>
  <testcase classname="com.testng.tests.OrangeHRM" name="LauchApp" time="12.127"/>
  <testcase classname="com.testng.tests.OrangeHRM" name="VerifyMyInfo" time="0.296"/>
  <testcase classname="com.testng.tests.OrangeHRM" name="LauchApp" time="17.184"/>
  <testcase classname="com.testng.tests.OrangeHRM" name="NavigateToMyInfo" time="6.391"/>
</testsuite> <!-- com.testng.tests.OrangeHRM -->
