<?xml version="1.0" encoding="UTF-8"?>
<!-- Generated by org.testng.reporters.JUnitReportReporter -->
<testsuite hostname="Walters-MacBook-Pro.local" failures="0" tests="2" name="com.testng.tests.AnnotationTest" time="0.019" errors="0" timestamp="2024-01-28T18:37:28 NZDT" skipped="0">
  <testcase classname="com.testng.tests.AnnotationTest" name="test01" time="0.016"/>
  <testcase classname="com.testng.tests.AnnotationTest" name="test02" time="0.003"/>
</testsuite> <!-- com.testng.tests.AnnotationTest -->
